<?xml version="1.0" encoding="UTF-8"?>
<!-- Generated by org.testng.reporters.JUnitXMLReporter -->
<testsuite ignored="0" hostname="DESKTOP-QU4N233" failures="0" tests="2" name="TestRunner-2" time="206.118" errors="0" timestamp="2022-01-22T10:17:49 IST">
  <testcase classname="com.vtiger.comcast.contact.CreateContactTestNg" name="CreatecontactTest" time="64.886"/>
  <testcase classname="com.vtiger.comcast.contact.CreateContactTestNg" name="CreatecontacwithtOrganizationTest" time="63.646"/>
</testsuite> <!-- TestRunner-2 -->
