<?xml version="1.0" encoding="UTF-8"?>
<!-- Generated by org.testng.reporters.JUnitXMLReporter -->
<testsuite ignored="1" hostname="DESKTOP-QU4N233" failures="1" tests="1" name="Test" time="192.377" errors="0" timestamp="2022-02-01T10:46:23 IST">
  <testcase classname="com.vtiger.comcast.contact.CreateContactTestNg" name="CreatecontactTest" time="75.836">
    <failure type="java.lang.AssertionError" message="expected [[ CON29 ] HDFC-2792 - Contact Information] but found [HDFC-2792]">
      <![CDATA[java.lang.AssertionError: expected [[ CON29 ] HDFC-2792 - Contact Information] but found [HDFC-2792]
at com.vtiger.comcast.contact.CreateContactTestNg.CreatecontactTest(CreateContactTestNg.java:40)
at java.base/java.util.ArrayList.forEach(ArrayList.java:1511)
... Removed 33 stack frames]]>
    </failure>
  </testcase> <!-- CreatecontactTest -->
  <testcase classname="com.vtiger.comcast.contact.CreateContactTestNg" name="CreatecontacwithtOrganizationTest" time="0.0">
    <ignored/>
  </testcase> <!-- CreatecontacwithtOrganizationTest -->
</testsuite> <!-- Test -->
